[34mINFO[0m[0000] init storage...                               [34mserver[0m=starting
[34mINFO[0m[0000] init db success...                            [34mserver[0m=starting
[37mDEBU[0m[0000] &{0xc4200a4420 0xc42008e240}                 
[37mDEBU[0m[0000] &{Master:0xc420139a70 Replicas:[] User:0xc42002a658 Project:0xc42002a660 Category:0xc42002a668} 
[34mINFO[0m[0000] starting in development on :7007              [34mtime[0m=2016-11-12 13:46:49.362457498 +0800 CST
[34mINFO[0m[0000] init storage...                               [34mserver[0m=starting
[34mINFO[0m[0000] init db success...                            [34mserver[0m=starting
[37mDEBU[0m[0000] &{0xc4200b2370 0xc42009c1b0}                 
[37mDEBU[0m[0000] &{Master:0xc420147940 Replicas:[] User:0xc420092648 Project:0xc420092650 Category:0xc420092658} 
[34mINFO[0m[0000] starting in development on :7007              [34mtime[0m=2016-11-12 16:55:21.139197534 +0800 CST
[34mINFO[0m[0054]                                              
[34mINFO[0m[0054]                                              
[34mINFO[0m[0057] 2016-11-12 16:56:18.184816926 +0800 CST GET /api/v1/categories for 192.168.1.103:7007 used time: 2.907757734s 
[34mINFO[0m[0057] 2016-11-12 16:56:19.011527981 +0800 CST GET /api/v1/apps for 192.168.1.103:7007 used time: 3.74147362s 
[34mINFO[0m[0000] init storage...                               [34mserver[0m=starting
[34mINFO[0m[0000] init db success...                            [34mserver[0m=starting
[37mDEBU[0m[0000] &{0xc4200b2370 0xc42009c1b0}                 
[37mDEBU[0m[0000] &{Master:0xc420147980 Replicas:[] User:0xc42007a650 Project:0xc42007a658 Category:0xc42007a660} 
[34mINFO[0m[0000] starting in development on :7007              [34mtime[0m=2016-11-12 16:58:08.071934232 +0800 CST
[34mINFO[0m[0019]                                              
[34mINFO[0m[0019] 2016-11-12 16:58:27.910990498 +0800 CST POST /api/v1/users for 192.168.1.103:7007 used time: 64.2µs 
[34mINFO[0m[0904]                                              
[34mINFO[0m[0904]                                              
[34mINFO[0m[0908] 2016-11-12 17:13:16.345364301 +0800 CST GET /api/v1/categories for 192.168.1.103:7007 used time: 3.90525284s 
[34mINFO[0m[0910] 2016-11-12 17:13:18.344750083 +0800 CST GET /api/v1/apps for 192.168.1.103:7007 used time: 5.88205334s 
[34mINFO[0m[1070]                                              
[34mINFO[0m[1070]                                              
[34mINFO[0m[1071] 2016-11-12 17:15:59.267241482 +0800 CST GET /api/v1/categories for 192.168.1.103:7007 used time: 1.15345441s 
[34mINFO[0m[1075] 2016-11-12 17:16:03.156882839 +0800 CST GET /api/v1/apps for 192.168.1.103:7007 used time: 5.005000407s 
[34mINFO[0m[1310]                                              
[34mINFO[0m[1310]                                              
[34mINFO[0m[1310] 2016-11-12 17:19:58.64374123 +0800 CST GET /api/v1/categories for 192.168.1.103:7007 used time: 306.23808ms 
[34mINFO[0m[1312] 2016-11-12 17:20:00.851123309 +0800 CST GET /api/v1/apps for 192.168.1.103:7007 used time: 2.465468366s 
[34mINFO[0m[1488]                                              
[34mINFO[0m[1488]                                              
[34mINFO[0m[1489] 2016-11-12 17:22:57.32442166 +0800 CST GET /api/v1/categories for 192.168.1.103:7007 used time: 353.395051ms 
[34mINFO[0m[1495] 2016-11-12 17:23:03.799755235 +0800 CST GET /api/v1/apps for 192.168.1.103:7007 used time: 6.828784606s 
[34mINFO[0m[1630]                                              
[34mINFO[0m[1630]                                              
[34mINFO[0m[1631] 2016-11-12 17:25:19.088426941 +0800 CST GET /api/v1/categories for 192.168.1.103:7007 used time: 477.846276ms 
[34mINFO[0m[1634] 2016-11-12 17:25:22.522451311 +0800 CST GET /api/v1/apps for 192.168.1.103:7007 used time: 3.902419523s 
[34mINFO[0m[1681]                                              
[34mINFO[0m[1681] 2016-11-12 17:26:09.104481771 +0800 CST POST /api/v1/users for 192.168.1.103:7007 used time: 56.237µs 
[34mINFO[0m[2469]                                              
[34mINFO[0m[2472] 2016-11-12 17:39:20.166662079 +0800 CST GET /api/v1/apps for 192.168.1.103:7007 used time: 2.100533657s 
[34mINFO[0m[3673]                                              
[34mINFO[0m[3673] 2016-11-12 17:59:21.228052202 +0800 CST POST /api/v1/users for 192.168.1.103:7007 used time: 25.736µs 
[34mINFO[0m[3914]                                              
[34mINFO[0m[3914]                                              
[34mINFO[0m[3915] 2016-11-12 18:03:23.398041136 +0800 CST GET /api/v1/categories for 192.168.1.103:7007 used time: 436.082843ms 
[34mINFO[0m[3918] 2016-11-12 18:03:26.09001971 +0800 CST GET /api/v1/apps for 192.168.1.103:7007 used time: 3.096697674s 
[34mINFO[0m[3934]                                              
[34mINFO[0m[3934] 2016-11-12 18:03:42.752820361 +0800 CST POST /api/v1/users for 192.168.1.103:7007 used time: 403.271743ms 
[34mINFO[0m[3995]                                              
[34mINFO[0m[3996] 2016-11-12 18:04:44.185486732 +0800 CST POST /api/v1/users for 192.168.1.103:7007 used time: 494.847238ms 
[34mINFO[0m[4070]                                              
[34mINFO[0m[4071] 2016-11-12 18:05:59.48145615 +0800 CST GET /api/v1/categories for 192.168.1.103:7007 used time: 420.413145ms 
[34mINFO[0m[4256]                                              
[34mINFO[0m[4257] 2016-11-12 18:09:05.58579583 +0800 CST POST /api/v1/users for 192.168.1.103:7007 used time: 552.004734ms 
[34mINFO[0m[4284]                                              
[34mINFO[0m[4284] 2016-11-12 18:09:32.593295419 +0800 CST POST /api/v1/users for 192.168.1.103:7007 used time: 491.788965ms 
[34mINFO[0m[4285]                                              
[34mINFO[0m[4288] 2016-11-12 18:09:36.207082423 +0800 CST GET /api/v1/apps for 192.168.1.103:7007 used time: 3.039126391s 
[34mINFO[0m[4294]                                              
[34mINFO[0m[4294]                                              
[34mINFO[0m[4295] 2016-11-12 18:09:43.542371263 +0800 CST GET /api/v1/categories for 192.168.1.103:7007 used time: 943.5508ms 
[34mINFO[0m[4297] 2016-11-12 18:09:45.498072974 +0800 CST GET /api/v1/apps for 192.168.1.103:7007 used time: 2.844757391s 
[34mINFO[0m[4311]                                              
[34mINFO[0m[4312] 2016-11-12 18:10:00.457013725 +0800 CST POST /api/v1/users for 192.168.1.103:7007 used time: 509.574045ms 
[34mINFO[0m[4338]                                              
[34mINFO[0m[4339] 2016-11-12 18:10:27.29776689 +0800 CST POST /api/v1/users for 192.168.1.103:7007 used time: 431.017416ms 
[34mINFO[0m[4372]                                              
[34mINFO[0m[4373] 2016-11-12 18:11:01.143036066 +0800 CST POST /api/v1/users for 192.168.1.103:7007 used time: 481.204459ms 
[34mINFO[0m[0000] init storage...                               [34mserver[0m=starting
[34mINFO[0m[0000] init db success...                            [34mserver[0m=starting
[37mDEBU[0m[0000] &{0xc4200a2370 0xc42008c1b0}                 
[37mDEBU[0m[0000] &{Master:0xc420139a70 Replicas:[] User:0xc420028650 Project:0xc420028658 Category:0xc420028660 Post:<nil>} 
[34mINFO[0m[0000] starting in development on :7007              [34mtime[0m=2016-11-12 18:16:12.227745097 +0800 CST
[34mINFO[0m[0019]                                              
[31mERRO[0m[0022] server error:ERROR #23502 null value in column "username" violates not-null constraint (addr="54.243.201.19:5432") 
[34mINFO[0m[0022] 2016-11-12 18:16:34.32048832 +0800 CST POST /api/v1/users for 192.168.1.103:7007 used time: 3.077356508s 
[34mINFO[0m[0156]                                              
[34mINFO[0m[0156]                                              
[34mINFO[0m[0156] 2016-11-12 18:18:48.698142246 +0800 CST GET /api/v1/categories for 192.168.1.103:7007 used time: 330.729195ms 
[34mINFO[0m[0160] 2016-11-12 18:18:52.894058435 +0800 CST GET /api/v1/apps for 192.168.1.103:7007 used time: 4.46721714s 
[34mINFO[0m[0170]                                              
[34mINFO[0m[0171] 2016-11-12 18:19:03.254833724 +0800 CST POST /api/v1/users for 192.168.1.103:7007 used time: 425.442502ms 
[34mINFO[0m[0000] init storage...                               [34mserver[0m=starting
[34mINFO[0m[0000] init db success...                            [34mserver[0m=starting
[37mDEBU[0m[0000] &{0xc4200be370 0xc4200a81b0}                 
[37mDEBU[0m[0000] &{Master:0xc420159940 Replicas:[] User:0xc420094648 Project:0xc420094650 Category:0xc420094658 Post:<nil>} 
[34mINFO[0m[0000] starting in development on :7007              [34mtime[0m=2016-11-12 18:48:15.433685653 +0800 CST
[34mINFO[0m[0051]                                              
[34mINFO[0m[0073]                                              
[34mINFO[0m[0073] 2016-11-12 18:49:28.76823981 +0800 CST POST /api/v1/posts for 127.0.0.1:7007 used time: 1.701896ms 
[34mINFO[0m[0144] 2016-11-12 18:50:40.102929512 +0800 CST GET /api/v1/apps for 127.0.0.1:7007 used time: 1m33.586412007s 
[34mINFO[0m[0210]                                              
[34mINFO[0m[0210] 2016-11-12 18:51:46.322721079 +0800 CST POST /api/v1/posts for 127.0.0.1:7007 used time: 552.201µs 
[34mINFO[0m[0211]                                              
[34mINFO[0m[0211] 2016-11-12 18:51:47.30600145 +0800 CST POST /api/v1/posts for 127.0.0.1:7007 used time: 37.127µs 
[34mINFO[0m[0224]                                              
[34mINFO[0m[0224]                                              
[34mINFO[0m[0224]                                              
[34mINFO[0m[0000] init storage...                               [34mserver[0m=starting
[34mINFO[0m[0000] init db success...                            [34mserver[0m=starting
[37mDEBU[0m[0000] &{0xc4200b2370 0xc42009c1b0}                 
[37mDEBU[0m[0000] &{Master:0xc420147940 Replicas:[] User:0xc420092648 Project:0xc420092650 Category:0xc420092658 Post:0xc420092660} 
[34mINFO[0m[0000] starting in development on :7007              [34mtime[0m=2016-11-12 18:53:12.54253427 +0800 CST
[34mINFO[0m[0006]                                              
[34mINFO[0m[0010] 2016-11-12 18:53:23.505834334 +0800 CST POST /api/v1/posts for 127.0.0.1:7007 used time: 4.862711418s 
[34mINFO[0m[0000] init storage...                               [34mserver[0m=starting
[34mINFO[0m[0000] init db success...                            [34mserver[0m=starting
[37mDEBU[0m[0000] &{0xc4200a2370 0xc42008c1b0}                 
[37mDEBU[0m[0000] &{Master:0xc420139a60 Replicas:[] User:0xc420028658 Project:0xc420028660 Category:0xc420028668 Post:0xc420028670} 
[34mINFO[0m[0000] starting in development on :7007              [34mtime[0m=2016-11-12 18:54:47.436875843 +0800 CST
[34mINFO[0m[0003]                                              
[31mERRO[0m[0007] handle posts create, message: ERROR #23503 insert or update on table "posts" violates foreign key constraint "posts_user_id_fkey" (addr="54.243.201.19:5432") 
[34mINFO[0m[0007] 2016-11-12 18:54:55.421067274 +0800 CST POST /api/v1/posts for 127.0.0.1:7007 used time: 4.570503271s 
[34mINFO[0m[0906]                                              
[31mERRO[0m[0907] handle posts create, message: ERROR #23503 insert or update on table "posts" violates foreign key constraint "posts_user_id_fkey" (addr="54.243.201.19:5432") 
[34mINFO[0m[0907] 2016-11-12 19:09:54.544566734 +0800 CST POST /api/v1/posts for 127.0.0.1:7007 used time: 407.753059ms 
[34mINFO[0m[1890]                                              
[31mERRO[0m[1893] handle posts create, message: ERROR #23503 insert or update on table "posts" violates foreign key constraint "posts_user_id_fkey" (addr="54.243.201.19:5432") 
[34mINFO[0m[1893] 2016-11-12 19:26:20.560624673 +0800 CST POST /api/v1/posts for 127.0.0.1:7007 used time: 2.218644043s 
[34mINFO[0m[1944]                                              
[31mERRO[0m[1945] handle posts create, message: ERROR #23503 insert or update on table "posts" violates foreign key constraint "posts_user_id_fkey" (addr="54.243.201.19:5432") 
[34mINFO[0m[1945] 2016-11-12 19:27:12.825476822 +0800 CST POST /api/v1/posts for 127.0.0.1:7007 used time: 435.856932ms 
[34mINFO[0m[0000] init storage...                               [34mserver[0m=starting
[34mINFO[0m[0000] init db success...                            [34mserver[0m=starting
[37mDEBU[0m[0000] &{0xc4200a2420 0xc42008c240}                 
[37mDEBU[0m[0000] &{Master:0xc420139a60 Replicas:[] User:0xc420028658 Project:0xc420028660 Category:0xc420028668 Post:0xc420028670} 
[34mINFO[0m[0000] starting in development on :7007              [34mtime[0m=2016-11-12 19:27:53.926146235 +0800 CST
[34mINFO[0m[0009]                                              
[34mINFO[0m[0009] 2016-11-12 19:28:03.851847309 +0800 CST POST /api/v1/posts for 127.0.0.1:7007 used time: 3.889875ms 
[34mINFO[0m[0000] init storage...                               [34mserver[0m=starting
[34mINFO[0m[0000] init db success...                            [34mserver[0m=starting
[37mDEBU[0m[0000] &{0xc4200a2370 0xc42008c1b0}                 
[37mDEBU[0m[0000] &{Master:0xc420139a90 Replicas:[] User:0xc420028658 Project:0xc420028660 Category:0xc420028668 Post:0xc420028670} 
[34mINFO[0m[0000] starting in development on :7007              [34mtime[0m=2016-11-12 19:35:56.938217204 +0800 CST
[34mINFO[0m[0032]                                              
[34mINFO[0m[0032] 2016-11-12 19:36:29.00020722 +0800 CST POST /api/v1/posts for 127.0.0.1:7007 used time: 8.307122ms|request body: "POST /api/v1/posts HTTP/1.1\r\nHost: 127.0.0.1:7007\r\nAccept: */*\r\nAccept-Encoding: gzip, deflate, br\r\nAccept-Language: en-US,en;q=0.8,zh-CN;q=0.6,zh;q=0.4\r\nCache-Control: no-cache\r\nConnection: keep-alive\r\nContent-Length: 46\r\nContent-Type: application/json\r\nOrigin: chrome-extension://fhbjgbiflinjbdggehcddcbncdddomop\r\nPostman-Token: 4ff11097-e7f0-208b-f6c7-e3d57ea93819\r\nUser-Agent: Mozilla/5.0 (Macintosh; Intel Mac OS X 10_12_1) AppleWebKit/537.36 (KHTML, like Gecko) Chrome/54.0.2840.87 Safari/537.36\r\n\r\n"| 
[34mINFO[0m[0000] init storage...                               [34mserver[0m=starting
[34mINFO[0m[0000] init db success...                            [34mserver[0m=starting
[37mDEBU[0m[0000] &{0xc4200b2370 0xc42009c1b0}                 
[37mDEBU[0m[0000] &{Master:0xc420147970 Replicas:[] User:0xc420092648 Project:0xc420092650 Category:0xc420092658 Post:0xc420092660} 
[34mINFO[0m[0000] starting in development on :7007              [34mtime[0m=2016-11-12 19:37:04.733824664 +0800 CST
[34mINFO[0m[0059]                                              
[34mINFO[0m[0059] 2016-11-12 19:38:04.571827032 +0800 CST POST /api/v1/posts for 127.0.0.1:7007 used time: 235.655µs|request body: POST /api/v1/posts HTTP/1.1
Host: 127.0.0.1:7007
Accept: */*
Accept-Encoding: gzip, deflate, br
Accept-Language: en-US,en;q=0.8,zh-CN;q=0.6,zh;q=0.4
Cache-Control: no-cache
Connection: keep-alive
Content-Length: 46
Content-Type: application/json
Origin: chrome-extension://fhbjgbiflinjbdggehcddcbncdddomop
Postman-Token: c4ddc4c4-fad0-9b4e-265e-2e52fa445b9e
User-Agent: Mozilla/5.0 (Macintosh; Intel Mac OS X 10_12_1) AppleWebKit/537.36 (KHTML, like Gecko) Chrome/54.0.2840.87 Safari/537.36

| 
[34mINFO[0m[0000] init storage...                               [34mserver[0m=starting
[34mINFO[0m[0000] init db success...                            [34mserver[0m=starting
[37mDEBU[0m[0000] &{0xc4200b2370 0xc42009c1b0}                 
[37mDEBU[0m[0000] &{Master:0xc420149970 Replicas:[] User:0xc420092648 Project:0xc420092650 Category:0xc420092658 Post:0xc420092660} 
[34mINFO[0m[0000] starting in development on :7007              [34mtime[0m=2016-11-12 19:39:48.807301849 +0800 CST
[34mINFO[0m[0061]                                              
[34mINFO[0m[0061] 2016-11-12 19:40:50.561717326 +0800 CST POST /api/v1/posts for 127.0.0.1:7007 used time: 3.823896ms 
POST /api/v1/posts HTTP/1.1
Host: 127.0.0.1:7007
Accept: */*
Accept-Encoding: gzip, deflate, br
Accept-Language: en-US,en;q=0.8,zh-CN;q=0.6,zh;q=0.4
Cache-Control: no-cache
Connection: keep-alive
Content-Length: 46
Content-Type: application/json
Origin: chrome-extension://fhbjgbiflinjbdggehcddcbncdddomop
Postman-Token: 3538eac0-e9f7-ede2-9ac2-6edcaf867000
User-Agent: Mozilla/5.0 (Macintosh; Intel Mac OS X 10_12_1) AppleWebKit/537.36 (KHTML, like Gecko) Chrome/54.0.2840.87 Safari/537.36


 
[34mINFO[0m[0174]                                              
[34mINFO[0m[0174] 2016-11-12 19:42:42.916257762 +0800 CST POST /api/v1/posts for 127.0.0.1:7007 used time: 79.065µs 
POST /api/v1/posts HTTP/1.1
Host: 127.0.0.1:7007
Accept: */*
Accept-Encoding: gzip, deflate, br
Accept-Language: en-US,en;q=0.8,zh-CN;q=0.6,zh;q=0.4
Cache-Control: no-cache
Connection: keep-alive
Content-Length: 46
Content-Type: application/json
Origin: chrome-extension://fhbjgbiflinjbdggehcddcbncdddomop
Postman-Token: e6d5b47f-f193-8a66-0ee8-8eead87ab4a3
User-Agent: Mozilla/5.0 (Macintosh; Intel Mac OS X 10_12_1) AppleWebKit/537.36 (KHTML, like Gecko) Chrome/54.0.2840.87 Safari/537.36


 
[34mINFO[0m[0000] init storage...                               [34mserver[0m=starting
[34mINFO[0m[0000] init db success...                            [34mserver[0m=starting
[37mDEBU[0m[0000] &{0xc4200b2420 0xc42009c1b0}                 
[37mDEBU[0m[0000] &{Master:0xc420147970 Replicas:[] User:0xc420092648 Project:0xc420092650 Category:0xc420092658 Post:0xc420092660} 
[34mINFO[0m[0000] starting in development on :7007              [34mtime[0m=2016-11-12 19:46:58.642574451 +0800 CST
[34mINFO[0m[0006]                                              
[34mINFO[0m[0006] 2016-11-12 19:47:05.440863504 +0800 CST POST /api/v1/posts for 127.0.0.1:7007 used time: 323.029µs 
"POST /api/v1/posts HTTP/1.1\r\nHost: 127.0.0.1:7007\r\nAccept: */*\r\nAccept-Encoding: gzip, deflate, br\r\nAccept-Language: en-US,en;q=0.8,zh-CN;q=0.6,zh;q=0.4\r\nCache-Control: no-cache\r\nConnection: keep-alive\r\nContent-Length: 46\r\nContent-Type: application/json\r\nOrigin: chrome-extension://fhbjgbiflinjbdggehcddcbncdddomop\r\nPostman-Token: 07ebf8a9-01a5-3f14-e64a-5f7a542f11bf\r\nUser-Agent: Mozilla/5.0 (Macintosh; Intel Mac OS X 10_12_1) AppleWebKit/537.36 (KHTML, like Gecko) Chrome/54.0.2840.87 Safari/537.36\r\n\r\n"
 
[34mINFO[0m[0061]                                              
[34mINFO[0m[0061] 2016-11-12 19:48:00.534603145 +0800 CST POST /api/v1/posts for 127.0.0.1:7007 used time: 89.717µs 
"POST /api/v1/posts HTTP/1.1\r\nHost: 127.0.0.1:7007\r\nAccept: */*\r\nAccept-Encoding: gzip, deflate, br\r\nAccept-Language: en-US,en;q=0.8,zh-CN;q=0.6,zh;q=0.4\r\nCache-Control: no-cache\r\nConnection: keep-alive\r\nContent-Length: 46\r\nContent-Type: application/json\r\nOrigin: chrome-extension://fhbjgbiflinjbdggehcddcbncdddomop\r\nPostman-Token: 006f0b51-09c3-57a8-c1b8-3cceda259306\r\nUser-Agent: Mozilla/5.0 (Macintosh; Intel Mac OS X 10_12_1) AppleWebKit/537.36 (KHTML, like Gecko) Chrome/54.0.2840.87 Safari/537.36\r\n\r\n"
 
[34mINFO[0m[0000] init storage...                               [34mserver[0m=starting
[34mINFO[0m[0000] init db success...                            [34mserver[0m=starting
[37mDEBU[0m[0000] &{0xc4200be370 0xc4200a81b0}                 
[37mDEBU[0m[0000] &{Master:0xc420159980 Replicas:[] User:0xc420094650 Project:0xc420094658 Category:0xc420094660 Post:0xc420094668} 
[34mINFO[0m[0000] starting in development on :7007              [34mtime[0m=2016-11-12 19:48:41.015223703 +0800 CST
[34mINFO[0m[0012]                                              
[34mINFO[0m[0012] 2016-11-12 19:48:53.026211984 +0800 CST POST /api/v1/posts for 127.0.0.1:7007 used time: 164.195µs 
"POST /api/v1/posts HTTP/1.1\r\nHost: 127.0.0.1:7007\r\nAccept: */*\r\nAccept-Encoding: gzip, deflate, br\r\nAccept-Language: en-US,en;q=0.8,zh-CN;q=0.6,zh;q=0.4\r\nCache-Control: no-cache\r\nConnection: keep-alive\r\nContent-Length: 46\r\nContent-Type: application/json\r\nOrigin: chrome-extension://fhbjgbiflinjbdggehcddcbncdddomop\r\nPostman-Token: 9166eaa5-97e3-8b56-9c7d-25214525b5e4\r\nUser-Agent: Mozilla/5.0 (Macintosh; Intel Mac OS X 10_12_1) AppleWebKit/537.36 (KHTML, like Gecko) Chrome/54.0.2840.87 Safari/537.36\r\n\r\n{\n\t\"content\":\"hen'hao很好a\",\n\t\"user_id\": 9\n}"
 
[34mINFO[0m[0000] init storage...                               [34mserver[0m=starting
[34mINFO[0m[0000] init db success...                            [34mserver[0m=starting
[37mDEBU[0m[0000] &{0xc4200b2370 0xc42009c240}                 
[37mDEBU[0m[0000] &{Master:0xc420147980 Replicas:[] User:0xc420092650 Project:0xc420092658 Category:0xc420092660 Post:0xc420092668} 
[34mINFO[0m[0000] starting in development on :7007              [34mtime[0m=2016-11-12 19:49:18.492433364 +0800 CST
[34mINFO[0m[0007]                                              
[34mINFO[0m[0007] 2016-11-12 19:49:26.487940599 +0800 CST POST /api/v1/posts for 127.0.0.1:7007 used time: 210.45µs 
POST /api/v1/posts HTTP/1.1
Host: 127.0.0.1:7007
Accept: */*
Accept-Encoding: gzip, deflate, br
Accept-Language: en-US,en;q=0.8,zh-CN;q=0.6,zh;q=0.4
Cache-Control: no-cache
Connection: keep-alive
Content-Length: 46
Content-Type: application/json
Origin: chrome-extension://fhbjgbiflinjbdggehcddcbncdddomop
Postman-Token: 135aaee5-8d40-3bd1-aebe-890e0ab223e2
User-Agent: Mozilla/5.0 (Macintosh; Intel Mac OS X 10_12_1) AppleWebKit/537.36 (KHTML, like Gecko) Chrome/54.0.2840.87 Safari/537.36

{
	"content":"hen'hao很好a",
	"user_id": 9
}
 
[34mINFO[0m[0104]                                              
[34mINFO[0m[0104] 2016-11-12 19:51:03.344360706 +0800 CST POST /api/v1/posts for 127.0.0.1:7007 used time: 99.872µs 
POST /api/v1/posts HTTP/1.1
Host: 127.0.0.1:7007
Accept: */*
Accept-Encoding: gzip, deflate, br
Accept-Language: en-US,en;q=0.8,zh-CN;q=0.6,zh;q=0.4
Cache-Control: no-cache
Connection: keep-alive
Content-Length: 45
Content-Type: application/json
Origin: chrome-extension://fhbjgbiflinjbdggehcddcbncdddomop
Postman-Token: 45bf41e0-edc4-d3a0-d29f-d1c9caf693e3
User-Agent: Mozilla/5.0 (Macintosh; Intel Mac OS X 10_12_1) AppleWebKit/537.36 (KHTML, like Gecko) Chrome/54.0.2840.87 Safari/537.36

{
	"content":"henhao很好a",
	"user_id": 9
}
 
[34mINFO[0m[0000] init storage...                               [34mserver[0m=starting
[34mINFO[0m[0000] init db success...                            [34mserver[0m=starting
[37mDEBU[0m[0000] &{0xc4200b2370 0xc42009c1b0}                 
[37mDEBU[0m[0000] &{Master:0xc420149980 Replicas:[] User:0xc420092650 Project:0xc420092658 Category:0xc420092660 Post:0xc420092668} 
[34mINFO[0m[0000] starting in development on :7007              [34mtime[0m=2016-11-12 19:51:50.617959704 +0800 CST
[34mINFO[0m[0040]                                              
[31mERRO[0m[0047] handle posts create, message: ERROR #23503 insert or update on table "posts" violates foreign key constraint "posts_project_id_fkey" (addr="54.243.201.19:5432") 
[34mINFO[0m[0047] 2016-11-12 19:52:38.614572202 +0800 CST POST /api/v1/posts for 127.0.0.1:7007 used time: 7.084846047s 
POST /api/v1/posts HTTP/1.1
Host: 127.0.0.1:7007
Accept: */*
Accept-Encoding: gzip, deflate, br
Accept-Language: en-US,en;q=0.8,zh-CN;q=0.6,zh;q=0.4
Cache-Control: no-cache
Connection: keep-alive
Content-Length: 45
Content-Type: application/json
Origin: chrome-extension://fhbjgbiflinjbdggehcddcbncdddomop
Postman-Token: 61fc25f2-5ed3-82a5-3812-c4db3b30bb6f
User-Agent: Mozilla/5.0 (Macintosh; Intel Mac OS X 10_12_1) AppleWebKit/537.36 (KHTML, like Gecko) Chrome/54.0.2840.87 Safari/537.36

{
	"content":"henhao很好a",
	"user_id": 9
}
 
[34mINFO[0m[0155]                                              
[31mERRO[0m[0156] handle posts create, message: ERROR #23503 insert or update on table "posts" violates foreign key constraint "posts_project_id_fkey" (addr="54.243.201.19:5432") 
[34mINFO[0m[0156] 2016-11-12 19:54:27.497620711 +0800 CST POST /api/v1/posts for 127.0.0.1:7007 used time: 1.222781014s 
POST /api/v1/posts HTTP/1.1
Host: 127.0.0.1:7007
Accept: */*
Accept-Encoding: gzip, deflate, br
Accept-Language: en-US,en;q=0.8,zh-CN;q=0.6,zh;q=0.4
Cache-Control: no-cache
Connection: keep-alive
Content-Length: 70
Content-Type: application/json
Origin: chrome-extension://fhbjgbiflinjbdggehcddcbncdddomop
Postman-Token: 24bb16ed-c8bf-00b2-6fb9-1201e3019307
User-Agent: Mozilla/5.0 (Macintosh; Intel Mac OS X 10_12_1) AppleWebKit/537.36 (KHTML, like Gecko) Chrome/54.0.2840.87 Safari/537.36

{
	"content":"henhao很好a",
	"user_id": 9,
	"posts_project_id": 10
}
 
[34mINFO[0m[0193]                                              
[31mERRO[0m[0193] handle posts create, message: ERROR #23503 insert or update on table "posts" violates foreign key constraint "posts_project_id_fkey" (addr="54.243.201.19:5432") 
[34mINFO[0m[0193] 2016-11-12 19:55:04.46962233 +0800 CST POST /api/v1/posts for 127.0.0.1:7007 used time: 414.610478ms 
POST /api/v1/posts HTTP/1.1
Host: 127.0.0.1:7007
Accept: */*
Accept-Encoding: gzip, deflate, br
Accept-Language: en-US,en;q=0.8,zh-CN;q=0.6,zh;q=0.4
Cache-Control: no-cache
Connection: keep-alive
Content-Length: 76
Content-Type: application/json
Origin: chrome-extension://fhbjgbiflinjbdggehcddcbncdddomop
Postman-Token: 7e6546eb-cce4-c087-e2ce-2e9d719829eb
User-Agent: Mozilla/5.0 (Macintosh; Intel Mac OS X 10_12_1) AppleWebKit/537.36 (KHTML, like Gecko) Chrome/54.0.2840.87 Safari/537.36

{
	"content":"henhao很好a",
	"user_id": 9,
	"posts_project_id": 16110019
}
 
[34mINFO[0m[0000] init storage...                               [34mserver[0m=starting
[34mINFO[0m[0000] init db success...                            [34mserver[0m=starting
[37mDEBU[0m[0000] &{0xc4200a2370 0xc42008c1b0}                 
[37mDEBU[0m[0000] &{Master:0xc420139a80 Replicas:[] User:0xc420028650 Project:0xc420028658 Category:0xc420028660 Post:0xc420028668} 
[34mINFO[0m[0000] starting in development on :7007              [34mtime[0m=2016-11-12 19:55:46.48191418 +0800 CST
[34mINFO[0m[0006]                                              
[31mERRO[0m[0014] handle posts create, message: ERROR #23503 insert or update on table "posts" violates foreign key constraint "posts_project_id_fkey" (addr="54.243.201.19:5432") 
[34mINFO[0m[0014] 2016-11-12 19:56:01.290596861 +0800 CST POST /api/v1/posts for 127.0.0.1:7007 used time: 7.867299335s 
POST /api/v1/posts HTTP/1.1
Host: 127.0.0.1:7007
Accept: */*
Accept-Encoding: gzip, deflate, br
Accept-Language: en-US,en;q=0.8,zh-CN;q=0.6,zh;q=0.4
Cache-Control: no-cache
Connection: keep-alive
Content-Length: 76
Content-Type: application/json
Origin: chrome-extension://fhbjgbiflinjbdggehcddcbncdddomop
Postman-Token: 1c7835d4-d574-15ce-5717-ee303c8dad1b
User-Agent: Mozilla/5.0 (Macintosh; Intel Mac OS X 10_12_1) AppleWebKit/537.36 (KHTML, like Gecko) Chrome/54.0.2840.87 Safari/537.36

{
	"content":"henhao很好a",
	"user_id": 9,
	"posts_project_id": 16110019
}
 
[34mINFO[0m[0042]                                              
[34mINFO[0m[0042] 2016-11-12 19:56:29.044740449 +0800 CST POST /api/v1/posts for 127.0.0.1:7007 used time: 416.383291ms 
POST /api/v1/posts HTTP/1.1
Host: 127.0.0.1:7007
Accept: */*
Accept-Encoding: gzip, deflate, br
Accept-Language: en-US,en;q=0.8,zh-CN;q=0.6,zh;q=0.4
Cache-Control: no-cache
Connection: keep-alive
Content-Length: 70
Content-Type: application/json
Origin: chrome-extension://fhbjgbiflinjbdggehcddcbncdddomop
Postman-Token: 48e8919c-603c-bc4f-2e42-52c270bb1bbf
User-Agent: Mozilla/5.0 (Macintosh; Intel Mac OS X 10_12_1) AppleWebKit/537.36 (KHTML, like Gecko) Chrome/54.0.2840.87 Safari/537.36

{
	"content":"henhao很好a",
	"user_id": 9,
	"project_id": 16110019
}
 
[34mINFO[0m[0081]                                              
[34mINFO[0m[0082] 2016-11-12 19:57:08.483183781 +0800 CST POST /api/v1/posts for 127.0.0.1:7007 used time: 335.237241ms 
POST /api/v1/posts HTTP/1.1
Host: 127.0.0.1:7007
Accept: */*
Accept-Encoding: gzip, deflate, br
Accept-Language: en-US,en;q=0.8,zh-CN;q=0.6,zh;q=0.4
Cache-Control: no-cache
Connection: keep-alive
Content-Length: 70
Content-Type: application/json
Origin: chrome-extension://fhbjgbiflinjbdggehcddcbncdddomop
Postman-Token: 9124795c-f487-5381-92ef-25e1155fa173
User-Agent: Mozilla/5.0 (Macintosh; Intel Mac OS X 10_12_1) AppleWebKit/537.36 (KHTML, like Gecko) Chrome/54.0.2840.87 Safari/537.36

{
	"content":"henhao很好a",
	"user_id": 9,
	"project_id": 16110019
}
 
[34mINFO[0m[0083]                                              
[34mINFO[0m[0083] 2016-11-12 19:57:10.300179175 +0800 CST POST /api/v1/posts for 127.0.0.1:7007 used time: 365.76124ms 
POST /api/v1/posts HTTP/1.1
Host: 127.0.0.1:7007
Accept: */*
Accept-Encoding: gzip, deflate, br
Accept-Language: en-US,en;q=0.8,zh-CN;q=0.6,zh;q=0.4
Cache-Control: no-cache
Connection: keep-alive
Content-Length: 70
Content-Type: application/json
Origin: chrome-extension://fhbjgbiflinjbdggehcddcbncdddomop
Postman-Token: 265af6c2-bf37-f63c-0717-15270f32841b
User-Agent: Mozilla/5.0 (Macintosh; Intel Mac OS X 10_12_1) AppleWebKit/537.36 (KHTML, like Gecko) Chrome/54.0.2840.87 Safari/537.36

{
	"content":"henhao很好a",
	"user_id": 9,
	"project_id": 16110019
}
 
[34mINFO[0m[0084]                                              
[34mINFO[0m[0085] 2016-11-12 19:57:11.699642977 +0800 CST POST /api/v1/posts for 127.0.0.1:7007 used time: 988.214817ms 
POST /api/v1/posts HTTP/1.1
Host: 127.0.0.1:7007
Accept: */*
Accept-Encoding: gzip, deflate, br
Accept-Language: en-US,en;q=0.8,zh-CN;q=0.6,zh;q=0.4
Cache-Control: no-cache
Connection: keep-alive
Content-Length: 70
Content-Type: application/json
Origin: chrome-extension://fhbjgbiflinjbdggehcddcbncdddomop
Postman-Token: ecaa82e5-9763-bd8a-740a-35e32d028e6a
User-Agent: Mozilla/5.0 (Macintosh; Intel Mac OS X 10_12_1) AppleWebKit/537.36 (KHTML, like Gecko) Chrome/54.0.2840.87 Safari/537.36

{
	"content":"henhao很好a",
	"user_id": 9,
	"project_id": 16110019
}
 
[34mINFO[0m[0087]                                              
[34mINFO[0m[0088] 2016-11-12 19:57:15.175904115 +0800 CST POST /api/v1/posts for 127.0.0.1:7007 used time: 1.621358038s 
POST /api/v1/posts HTTP/1.1
Host: 127.0.0.1:7007
Accept: */*
Accept-Encoding: gzip, deflate, br
Accept-Language: en-US,en;q=0.8,zh-CN;q=0.6,zh;q=0.4
Cache-Control: no-cache
Connection: keep-alive
Content-Length: 70
Content-Type: application/json
Origin: chrome-extension://fhbjgbiflinjbdggehcddcbncdddomop
Postman-Token: 81e8fb8e-27fa-6503-6f3e-cdbbe5c76de8
User-Agent: Mozilla/5.0 (Macintosh; Intel Mac OS X 10_12_1) AppleWebKit/537.36 (KHTML, like Gecko) Chrome/54.0.2840.87 Safari/537.36

{
	"content":"henhao很好a",
	"user_id": 9,
	"project_id": 16110019
}
 
[34mINFO[0m[0108]                                              
[34mINFO[0m[0108] 2016-11-12 19:57:35.274477869 +0800 CST GET /api/v1/app/16110019/posts for 127.0.0.1:7007 used time: 1.273028ms 
GET /api/v1/app/16110019/posts HTTP/1.1
Host: 127.0.0.1:7007
Accept: */*
Accept-Encoding: gzip, deflate, sdch, br
Accept-Language: en-US,en;q=0.8,zh-CN;q=0.6,zh;q=0.4
Cache-Control: no-cache
Connection: keep-alive
Content-Type: application/json
Postman-Token: 7e04b41d-563c-130b-99d2-9ccacf63c85b
User-Agent: Mozilla/5.0 (Macintosh; Intel Mac OS X 10_12_1) AppleWebKit/537.36 (KHTML, like Gecko) Chrome/54.0.2840.87 Safari/537.36


 
[34mINFO[0m[0000] init storage...                               [34mserver[0m=starting
[34mINFO[0m[0000] init db success...                            [34mserver[0m=starting
[37mDEBU[0m[0000] &{0xc4200a2370 0xc42008c1b0}                 
[37mDEBU[0m[0000] &{Master:0xc420139a80 Replicas:[] User:0xc420028650 Project:0xc420028658 Category:0xc420028660 Post:0xc420028668} 
[34mINFO[0m[0000] starting in development on :7007              [34mtime[0m=2016-11-12 20:05:36.819102972 +0800 CST
[34mINFO[0m[0012]                                              
[34mINFO[0m[0012] 2016-11-12 20:05:49.487428219 +0800 CST GET /api/v1/app/16110019/posts for 127.0.0.1:7007 used time: 40.909µs 
GET /api/v1/app/16110019/posts HTTP/1.1
Host: 127.0.0.1:7007
Accept: */*
Accept-Encoding: gzip, deflate, sdch, br
Accept-Language: en-US,en;q=0.8,zh-CN;q=0.6,zh;q=0.4
Cache-Control: no-cache
Connection: keep-alive
Content-Type: application/json
Postman-Token: 3e53ec8b-32d5-30f0-ea4d-57fbf7451035
User-Agent: Mozilla/5.0 (Macintosh; Intel Mac OS X 10_12_1) AppleWebKit/537.36 (KHTML, like Gecko) Chrome/54.0.2840.87 Safari/537.36


 
[34mINFO[0m[0013]                                              
[34mINFO[0m[0013] 2016-11-12 20:05:50.201025799 +0800 CST GET /api/v1/app/16110019/posts for 127.0.0.1:7007 used time: 19.167µs 
GET /api/v1/app/16110019/posts HTTP/1.1
Host: 127.0.0.1:7007
Accept: */*
Accept-Encoding: gzip, deflate, sdch, br
Accept-Language: en-US,en;q=0.8,zh-CN;q=0.6,zh;q=0.4
Cache-Control: no-cache
Connection: keep-alive
Content-Type: application/json
Postman-Token: eaed89f8-cf9f-a301-d147-d2fc8502ecf6
User-Agent: Mozilla/5.0 (Macintosh; Intel Mac OS X 10_12_1) AppleWebKit/537.36 (KHTML, like Gecko) Chrome/54.0.2840.87 Safari/537.36


 
[34mINFO[0m[0014]                                              
[34mINFO[0m[0014] 2016-11-12 20:05:50.902272337 +0800 CST GET /api/v1/app/16110019/posts for 127.0.0.1:7007 used time: 16.713µs 
GET /api/v1/app/16110019/posts HTTP/1.1
Host: 127.0.0.1:7007
Accept: */*
Accept-Encoding: gzip, deflate, sdch, br
Accept-Language: en-US,en;q=0.8,zh-CN;q=0.6,zh;q=0.4
Cache-Control: no-cache
Connection: keep-alive
Content-Type: application/json
Postman-Token: 632555f9-45a6-703d-b2a9-2ac9309931a7
User-Agent: Mozilla/5.0 (Macintosh; Intel Mac OS X 10_12_1) AppleWebKit/537.36 (KHTML, like Gecko) Chrome/54.0.2840.87 Safari/537.36


 
[34mINFO[0m[0014]                                              
[34mINFO[0m[0014] 2016-11-12 20:05:51.681617413 +0800 CST GET /api/v1/app/16110019/posts for 127.0.0.1:7007 used time: 13.848µs 
GET /api/v1/app/16110019/posts HTTP/1.1
Host: 127.0.0.1:7007
Accept: */*
Accept-Encoding: gzip, deflate, sdch, br
Accept-Language: en-US,en;q=0.8,zh-CN;q=0.6,zh;q=0.4
Cache-Control: no-cache
Connection: keep-alive
Content-Type: application/json
Postman-Token: 228e27d7-7495-e70d-ba77-a9129aaf60e8
User-Agent: Mozilla/5.0 (Macintosh; Intel Mac OS X 10_12_1) AppleWebKit/537.36 (KHTML, like Gecko) Chrome/54.0.2840.87 Safari/537.36


 
[34mINFO[0m[0015]                                              
[34mINFO[0m[0015] 2016-11-12 20:05:52.115959214 +0800 CST GET /api/v1/app/16110019/posts for 127.0.0.1:7007 used time: 14.08µs 
GET /api/v1/app/16110019/posts HTTP/1.1
Host: 127.0.0.1:7007
Accept: */*
Accept-Encoding: gzip, deflate, sdch, br
Accept-Language: en-US,en;q=0.8,zh-CN;q=0.6,zh;q=0.4
Cache-Control: no-cache
Connection: keep-alive
Content-Type: application/json
Postman-Token: 186fd7fb-e8ab-f008-2b15-81f8a487130c
User-Agent: Mozilla/5.0 (Macintosh; Intel Mac OS X 10_12_1) AppleWebKit/537.36 (KHTML, like Gecko) Chrome/54.0.2840.87 Safari/537.36


 
[34mINFO[0m[0015]                                              
[34mINFO[0m[0015] 2016-11-12 20:05:52.365642085 +0800 CST GET /api/v1/app/16110019/posts for 127.0.0.1:7007 used time: 13.849µs 
GET /api/v1/app/16110019/posts HTTP/1.1
Host: 127.0.0.1:7007
Accept: */*
Accept-Encoding: gzip, deflate, sdch, br
Accept-Language: en-US,en;q=0.8,zh-CN;q=0.6,zh;q=0.4
Cache-Control: no-cache
Connection: keep-alive
Content-Type: application/json
Postman-Token: e4e89887-852e-0185-d67c-a8d22cfdd1b6
User-Agent: Mozilla/5.0 (Macintosh; Intel Mac OS X 10_12_1) AppleWebKit/537.36 (KHTML, like Gecko) Chrome/54.0.2840.87 Safari/537.36


 
[34mINFO[0m[0015]                                              
[34mINFO[0m[0015] 2016-11-12 20:05:52.762522759 +0800 CST GET /api/v1/app/16110019/posts for 127.0.0.1:7007 used time: 14.96µs 
GET /api/v1/app/16110019/posts HTTP/1.1
Host: 127.0.0.1:7007
Accept: */*
Accept-Encoding: gzip, deflate, sdch, br
Accept-Language: en-US,en;q=0.8,zh-CN;q=0.6,zh;q=0.4
Cache-Control: no-cache
Connection: keep-alive
Content-Type: application/json
Postman-Token: 591ab6e7-a7e2-5975-0ca0-f23b8fc2f3cd
User-Agent: Mozilla/5.0 (Macintosh; Intel Mac OS X 10_12_1) AppleWebKit/537.36 (KHTML, like Gecko) Chrome/54.0.2840.87 Safari/537.36


 
[34mINFO[0m[0016]                                              
[34mINFO[0m[0016] 2016-11-12 20:05:52.966147057 +0800 CST GET /api/v1/app/16110019/posts for 127.0.0.1:7007 used time: 23.298µs 
GET /api/v1/app/16110019/posts HTTP/1.1
Host: 127.0.0.1:7007
Accept: */*
Accept-Encoding: gzip, deflate, sdch, br
Accept-Language: en-US,en;q=0.8,zh-CN;q=0.6,zh;q=0.4
Cache-Control: no-cache
Connection: keep-alive
Content-Type: application/json
Postman-Token: 33ed7c54-8d8f-17e3-5a25-7ab52efff5f9
User-Agent: Mozilla/5.0 (Macintosh; Intel Mac OS X 10_12_1) AppleWebKit/537.36 (KHTML, like Gecko) Chrome/54.0.2840.87 Safari/537.36


 
[34mINFO[0m[0000] init storage...                               [34mserver[0m=starting
[34mINFO[0m[0000] init db success...                            [34mserver[0m=starting
[37mDEBU[0m[0000] &{0xc4200be370 0xc4200a8240}                 
[37mDEBU[0m[0000] &{Master:0xc420159970 Replicas:[] User:0xc420094648 Project:0xc420094650 Category:0xc420094658 Post:0xc420094660} 
[34mINFO[0m[0000] starting in development on :7007              [34mtime[0m=2016-11-12 20:06:24.429559025 +0800 CST
[34mINFO[0m[0001]                                              
[31mERRO[0m[0003] posts database error pg: can't find column like_num in model Post 
[34mINFO[0m[0003] 2016-11-12 20:06:28.381508344 +0800 CST GET /api/v1/app/16110019/posts for 127.0.0.1:7007 used time: 2.891283892s 
GET /api/v1/app/16110019/posts HTTP/1.1
Host: 127.0.0.1:7007
Accept: */*
Accept-Encoding: gzip, deflate, sdch, br
Accept-Language: en-US,en;q=0.8,zh-CN;q=0.6,zh;q=0.4
Cache-Control: no-cache
Connection: keep-alive
Content-Type: application/json
Postman-Token: 8642a405-2afa-b377-eb6b-f206d3ff336e
User-Agent: Mozilla/5.0 (Macintosh; Intel Mac OS X 10_12_1) AppleWebKit/537.36 (KHTML, like Gecko) Chrome/54.0.2840.87 Safari/537.36


 
[34mINFO[0m[0000] init storage...                               [34mserver[0m=starting
[34mINFO[0m[0000] init db success...                            [34mserver[0m=starting
[37mDEBU[0m[0000] &{0xc4200b2370 0xc42009c240}                 
[37mDEBU[0m[0000] &{Master:0xc420149990 Replicas:[] User:0xc420090658 Project:0xc420090660 Category:0xc420090668 Post:0xc420090670} 
[34mINFO[0m[0000] starting in development on :7007              [34mtime[0m=2016-11-12 20:07:28.529563936 +0800 CST
[34mINFO[0m[0004]                                              
[31mERRO[0m[0008] posts database error ERROR #42P01 relation "post_comments" does not exist (addr="54.243.201.19:5432") 
[34mINFO[0m[0008] 2016-11-12 20:07:37.475100936 +0800 CST GET /api/v1/app/16110019/posts for 127.0.0.1:7007 used time: 4.692871849s 
GET /api/v1/app/16110019/posts HTTP/1.1
Host: 127.0.0.1:7007
Accept: */*
Accept-Encoding: gzip, deflate, sdch, br
Accept-Language: en-US,en;q=0.8,zh-CN;q=0.6,zh;q=0.4
Cache-Control: no-cache
Connection: keep-alive
Content-Type: application/json
Postman-Token: fe348282-dc77-e218-0f00-df37ecf6dcd2
User-Agent: Mozilla/5.0 (Macintosh; Intel Mac OS X 10_12_1) AppleWebKit/537.36 (KHTML, like Gecko) Chrome/54.0.2840.87 Safari/537.36


 
[34mINFO[0m[0000] init storage...                               [34mserver[0m=starting
[34mINFO[0m[0000] init db success...                            [34mserver[0m=starting
[37mDEBU[0m[0000] &{0xc4200be420 0xc4200a81b0}                 
[37mDEBU[0m[0000] &{Master:0xc420159980 Replicas:[] User:0xc420094650 Project:0xc420094658 Category:0xc420094660 Post:0xc420094668} 
[34mINFO[0m[0000] starting in development on :7007              [34mtime[0m=2016-11-12 20:12:49.404575253 +0800 CST
[34mINFO[0m[0005]                                              
[34mINFO[0m[0011] 2016-11-12 20:13:01.084276028 +0800 CST GET /api/v1/app/16110019/posts for 127.0.0.1:7007 used time: 6.256698145s 
GET /api/v1/app/16110019/posts HTTP/1.1
Host: 127.0.0.1:7007
Accept: */*
Accept-Encoding: gzip, deflate, sdch, br
Accept-Language: en-US,en;q=0.8,zh-CN;q=0.6,zh;q=0.4
Cache-Control: no-cache
Connection: keep-alive
Content-Type: application/json
Postman-Token: af631cb1-427b-a59a-8eb4-7e0bd5f9431a
User-Agent: Mozilla/5.0 (Macintosh; Intel Mac OS X 10_12_1) AppleWebKit/537.36 (KHTML, like Gecko) Chrome/54.0.2840.87 Safari/537.36


 
[34mINFO[0m[0000] init storage...                               [34mserver[0m=starting
[34mINFO[0m[0000] init db success...                            [34mserver[0m=starting
[37mDEBU[0m[0000] &{0xc4200a2370 0xc42008c1b0}                 
[37mDEBU[0m[0000] &{Master:0xc42013ba90 Replicas:[] User:0xc420028658 Project:0xc420028660 Category:0xc420028668 Post:0xc420028670} 
[34mINFO[0m[0000] starting in development on :7007              [34mtime[0m=2016-11-12 20:25:42.263943031 +0800 CST
[34mINFO[0m[0000]                                              
[34mINFO[0m[0004] 2016-11-12 20:25:46.825106997 +0800 CST GET /api/v1/app/16110019/posts for 127.0.0.1:7007 used time: 4.155924551s 
GET /api/v1/app/16110019/posts HTTP/1.1
Host: 127.0.0.1:7007
Accept: */*
Accept-Encoding: gzip, deflate, sdch, br
Accept-Language: en-US,en;q=0.8,zh-CN;q=0.6,zh;q=0.4
Cache-Control: no-cache
Connection: keep-alive
Content-Type: application/json
Postman-Token: 1125f1c4-f2e0-3641-f487-158b7704b3f9
User-Agent: Mozilla/5.0 (Macintosh; Intel Mac OS X 10_12_1) AppleWebKit/537.36 (KHTML, like Gecko) Chrome/54.0.2840.87 Safari/537.36


 
[34mINFO[0m[0000] starting in development on :7007              [34mtime[0m=2016-11-19 13:48:36.713269588 +0800 CST
[34mINFO[0m[0000] starting in development on :7007              [34mtime[0m=2016-11-19 14:02:29.508756808 +0800 CST
[34mINFO[0m[0000] starting in development on :7007              [34mtime[0m=2016-11-19 19:28:15.362291775 +0800 CST
[34mINFO[0m[0000] starting in development on :7007              [34mtime[0m=2016-11-19 19:28:43.405034124 +0800 CST
[34mINFO[0m[0000] starting in development on :7007              [34mtime[0m=2016-11-19 19:29:38.274832312 +0800 CST
[34mINFO[0m[0004]                                              
[34mINFO[0m[0004] 2016-11-19 19:29:43.082092849 +0800 CST GET /api/v1/projects for 127.0.0.1:7007 used time: 558.206µs 
GET /api/v1/projects HTTP/1.1
Host: 127.0.0.1:7007
Accept: */*
Accept-Encoding: gzip, deflate, sdch, br
Accept-Language: en-US,en;q=0.8,zh-CN;q=0.6,zh;q=0.4
Cache-Control: no-cache
Connection: keep-alive
Postman-Token: 5bd16773-4a2e-2175-d392-a4d5b44fb8c6
User-Agent: Mozilla/5.0 (Macintosh; Intel Mac OS X 10_12_1) AppleWebKit/537.36 (KHTML, like Gecko) Chrome/54.0.2840.87 Safari/537.36


 
[34mINFO[0m[0007]                                              
[34mINFO[0m[0007] 2016-11-19 19:29:45.607073251 +0800 CST GET /api/v1/projects for 127.0.0.1:7007 used time: 677.963µs 
GET /api/v1/projects HTTP/1.1
Host: 127.0.0.1:7007
Accept: */*
Accept-Encoding: gzip, deflate, sdch, br
Accept-Language: en-US,en;q=0.8,zh-CN;q=0.6,zh;q=0.4
Cache-Control: no-cache
Connection: keep-alive
Postman-Token: 4637aa19-5a6a-bb4b-3129-353cbcc62624
User-Agent: Mozilla/5.0 (Macintosh; Intel Mac OS X 10_12_1) AppleWebKit/537.36 (KHTML, like Gecko) Chrome/54.0.2840.87 Safari/537.36


 
[34mINFO[0m[0007]                                              
[34mINFO[0m[0007] 2016-11-19 19:29:46.212936604 +0800 CST GET /api/v1/projects for 127.0.0.1:7007 used time: 324.292µs 
GET /api/v1/projects HTTP/1.1
Host: 127.0.0.1:7007
Accept: */*
Accept-Encoding: gzip, deflate, sdch, br
Accept-Language: en-US,en;q=0.8,zh-CN;q=0.6,zh;q=0.4
Cache-Control: no-cache
Connection: keep-alive
Postman-Token: 3ba64733-4d57-dbd7-5863-17e598580573
User-Agent: Mozilla/5.0 (Macintosh; Intel Mac OS X 10_12_1) AppleWebKit/537.36 (KHTML, like Gecko) Chrome/54.0.2840.87 Safari/537.36


 
[34mINFO[0m[0008]                                              
[34mINFO[0m[0008] 2016-11-19 19:29:46.834059888 +0800 CST GET /api/v1/projects for 127.0.0.1:7007 used time: 252.577µs 
GET /api/v1/projects HTTP/1.1
Host: 127.0.0.1:7007
Accept: */*
Accept-Encoding: gzip, deflate, sdch, br
Accept-Language: en-US,en;q=0.8,zh-CN;q=0.6,zh;q=0.4
Cache-Control: no-cache
Connection: keep-alive
Postman-Token: 8a092f4b-e437-5535-ff53-dfb9b20fad66
User-Agent: Mozilla/5.0 (Macintosh; Intel Mac OS X 10_12_1) AppleWebKit/537.36 (KHTML, like Gecko) Chrome/54.0.2840.87 Safari/537.36


 
[34mINFO[0m[0009]                                              
[34mINFO[0m[0009] 2016-11-19 19:29:47.323190322 +0800 CST GET /api/v1/projects for 127.0.0.1:7007 used time: 1.242762ms 
GET /api/v1/projects HTTP/1.1
Host: 127.0.0.1:7007
Accept: */*
Accept-Encoding: gzip, deflate, sdch, br
Accept-Language: en-US,en;q=0.8,zh-CN;q=0.6,zh;q=0.4
Cache-Control: no-cache
Connection: keep-alive
Postman-Token: 872301d7-4c98-9a19-1588-8d6c5a84bd9c
User-Agent: Mozilla/5.0 (Macintosh; Intel Mac OS X 10_12_1) AppleWebKit/537.36 (KHTML, like Gecko) Chrome/54.0.2840.87 Safari/537.36


 
[34mINFO[0m[0000] starting in development on :7007              [34mtime[0m=2016-11-19 19:30:19.890417391 +0800 CST
[34mINFO[0m[0003]                                              
[34mINFO[0m[0003] 2016-11-19 19:30:23.153631849 +0800 CST GET /api/v1/projects for 127.0.0.1:7007 used time: 928.304µs 
GET /api/v1/projects HTTP/1.1
Host: 127.0.0.1:7007
Accept: */*
Accept-Encoding: gzip, deflate, sdch, br
Accept-Language: en-US,en;q=0.8,zh-CN;q=0.6,zh;q=0.4
Cache-Control: no-cache
Connection: keep-alive
Postman-Token: bcb8f13e-6a40-a0bc-491c-219f02d39714
User-Agent: Mozilla/5.0 (Macintosh; Intel Mac OS X 10_12_1) AppleWebKit/537.36 (KHTML, like Gecko) Chrome/54.0.2840.87 Safari/537.36


 
[34mINFO[0m[0004]                                              
[34mINFO[0m[0004] 2016-11-19 19:30:23.903530233 +0800 CST GET /api/v1/projects for 127.0.0.1:7007 used time: 236.343µs 
GET /api/v1/projects HTTP/1.1
Host: 127.0.0.1:7007
Accept: */*
Accept-Encoding: gzip, deflate, sdch, br
Accept-Language: en-US,en;q=0.8,zh-CN;q=0.6,zh;q=0.4
Cache-Control: no-cache
Connection: keep-alive
Postman-Token: aeab7a96-4aae-86cf-0d55-f37d3e698a9c
User-Agent: Mozilla/5.0 (Macintosh; Intel Mac OS X 10_12_1) AppleWebKit/537.36 (KHTML, like Gecko) Chrome/54.0.2840.87 Safari/537.36


 
[34mINFO[0m[0004]                                              
[34mINFO[0m[0004] 2016-11-19 19:30:24.393711454 +0800 CST GET /api/v1/projects for 127.0.0.1:7007 used time: 266.915µs 
GET /api/v1/projects HTTP/1.1
Host: 127.0.0.1:7007
Accept: */*
Accept-Encoding: gzip, deflate, sdch, br
Accept-Language: en-US,en;q=0.8,zh-CN;q=0.6,zh;q=0.4
Cache-Control: no-cache
Connection: keep-alive
Postman-Token: cb163598-6acb-793c-f231-b2c9f6c0d751
User-Agent: Mozilla/5.0 (Macintosh; Intel Mac OS X 10_12_1) AppleWebKit/537.36 (KHTML, like Gecko) Chrome/54.0.2840.87 Safari/537.36


 
<<<<<<< HEAD
=======
[34mINFO[0m[0000] starting in development on :7007              [34mtime[0m=2016-11-23 14:53:34.150950452 +0800 CST
[34mINFO[0m[0000] starting in development on :7007              [34mtime[0m=2016-11-23 14:54:06.52357734 +0800 CST
>>>>>>> 63ab469b6c58c57acadb2da801c48e91789fb50c
